
11월 08, 2024 18:17:41.611 NEW SESSION
11월 08, 2024 18:17:41.611 [9852:9560:1108/181741.610:ERROR:registration_request.cc(291)] Registration response error message: DEPRECATED_ENDPOINT
11월 08, 2024 18:17:41.843 Created TensorFlow Lite XNNPACK delegate for CPU.
11월 08, 2024 18:18:05.707 [9852:9560:1108/181805.707:ERROR:registration_request.cc(291)] Registration response error message: DEPRECATED_ENDPOINT
11월 08, 2024 18:18:47.863 [9852:9560:1108/181847.863:ERROR:registration_request.cc(291)] Registration response error message: DEPRECATED_ENDPOINT

11월 11, 2024 14:26:02.412 NEW SESSION
11월 11, 2024 14:26:02.412 [4356:9012:1111/142602.411:ERROR:registration_request.cc(291)] Registration response error message: DEPRECATED_ENDPOINT
11월 11, 2024 14:26:02.616 Created TensorFlow Lite XNNPACK delegate for CPU.
11월 11, 2024 14:26:26.154 [4356:9012:1111/142626.154:ERROR:registration_request.cc(291)] Registration response error message: DEPRECATED_ENDPOINT
11월 11, 2024 14:27:10.274 [4356:9012:1111/142710.274:ERROR:registration_request.cc(291)] Registration response error message: DEPRECATED_ENDPOINT
11월 11, 2024 14:29:02.355 [4356:9012:1111/142902.355:ERROR:registration_request.cc(291)] Registration response error message: DEPRECATED_ENDPOINT
11월 11, 2024 14:31:44.697 [4356:9012:1111/143144.697:ERROR:registration_request.cc(291)] Registration response error message: DEPRECATED_ENDPOINT
11월 11, 2024 14:35:34.639 Attempting to use a delegate that only supports static-sized tensors with a graph that has dynamic-sized tensors (tensor#56 is a dynamic-sized tensor).
11월 11, 2024 14:37:05.639 [4356:6804:1111/143705.639:ERROR:CONSOLE(1)] "Unknown VE context: language-mismatch    at new He (devtools://devtools/bundled/devtools-frontend/front_end/ui/legacy/legacy.js:1:98356)
11월 11, 2024 14:37:05.640     at devtools://devtools/bundled/devtools-frontend/front_end/ui/legacy/legacy.js:1:191793
11월 11, 2024 14:37:05.640     at new oi (devtools://devtools/bundled/devtools-frontend/front_end/ui/legacy/legacy.js:1:192189)
11월 11, 2024 14:37:05.640     at oi.instance (devtools://devtools/bundled/devtools-frontend/front_end/ui/legacy/legacy.js:1:192311)
11월 11, 2024 14:37:05.640     at O.presentUI (devtools://devtools/bundled/devtools-frontend/front_end/panels/emulation/emulation.js:1:58454)
11월 11, 2024 14:37:05.641     at #I (devtools://devtools/bundled/devtools-frontend/front_end/entrypoints/main/main.js:1:17314)
11월 11, 2024 14:37:05.642     at #x (devtools://devtools/bundled/devtools-frontend/front_end/entrypoints/main/main.js:1:17109)", source: devtools://devtools/bundled/devtools-frontend/front_end/ui/visual_logging/visual_logging.js (1)
11월 11, 2024 14:37:08.516 [4356:6804:1111/143708.516:ERROR:CONSOLE(1)] "Unknown VE context: -moz-osx-font-smoothing    at a (devtools://devtools/bundled/devtools-frontend/front_end/ui/visual_logging/visual_logging.js:1:64099)
11월 11, 2024 14:37:08.517     at e.Me (devtools://devtools/bundled/devtools-frontend/front_end/ui/visual_logging/visual_logging.js:1:81107)
11월 11, 2024 14:37:08.517     at devtools://devtools/bundled/devtools-frontend/front_end/ui/components/render_coordinator/render_coordinator.js:1:150", source: devtools://devtools/bundled/devtools-frontend/front_end/ui/visual_logging/visual_logging.js (1)
11월 11, 2024 14:37:41.483 [4356:6804:1111/143741.482:ERROR:CONSOLE(1)] "Unknown VE context: language-mismatch    at new He (devtools://devtools/bundled/devtools-frontend/front_end/ui/legacy/legacy.js:1:98356)
11월 11, 2024 14:37:41.483     at devtools://devtools/bundled/devtools-frontend/front_end/ui/legacy/legacy.js:1:191793
11월 11, 2024 14:37:41.483     at new oi (devtools://devtools/bundled/devtools-frontend/front_end/ui/legacy/legacy.js:1:192189)
11월 11, 2024 14:37:41.483     at oi.instance (devtools://devtools/bundled/devtools-frontend/front_end/ui/legacy/legacy.js:1:192311)
11월 11, 2024 14:37:41.484     at O.presentUI (devtools://devtools/bundled/devtools-frontend/front_end/panels/emulation/emulation.js:1:58454)
11월 11, 2024 14:37:41.485     at #I (devtools://devtools/bundled/devtools-frontend/front_end/entrypoints/main/main.js:1:17314)
11월 11, 2024 14:37:41.485     at #x (devtools://devtools/bundled/devtools-frontend/front_end/entrypoints/main/main.js:1:17109)", source: devtools://devtools/bundled/devtools-frontend/front_end/ui/visual_logging/visual_logging.js (1)
11월 11, 2024 14:38:22.473 [4356:9012:1111/143822.473:ERROR:registration_request.cc(291)] Registration response error message: DEPRECATED_ENDPOINT
11월 11, 2024 14:40:38.160 [4356:6804:1111/144038.159:ERROR:interface_endpoint_client.cc(725)] Message 1 rejected by interface blink.mojom.WidgetHost
11월 11, 2024 14:52:39.641 [4356:6804:1111/145239.641:ERROR:CONSOLE(1)] "Unknown VE context: language-mismatch    at new He (devtools://devtools/bundled/devtools-frontend/front_end/ui/legacy/legacy.js:1:98356)
11월 11, 2024 14:52:39.642     at devtools://devtools/bundled/devtools-frontend/front_end/ui/legacy/legacy.js:1:191793
11월 11, 2024 14:52:39.642     at new oi (devtools://devtools/bundled/devtools-frontend/front_end/ui/legacy/legacy.js:1:192189)
11월 11, 2024 14:52:39.642     at oi.instance (devtools://devtools/bundled/devtools-frontend/front_end/ui/legacy/legacy.js:1:192311)
11월 11, 2024 14:52:39.643     at O.presentUI (devtools://devtools/bundled/devtools-frontend/front_end/panels/emulation/emulation.js:1:58454)
11월 11, 2024 14:52:39.643     at #I (devtools://devtools/bundled/devtools-frontend/front_end/entrypoints/main/main.js:1:17314)
11월 11, 2024 14:52:39.644     at #x (devtools://devtools/bundled/devtools-frontend/front_end/entrypoints/main/main.js:1:17109)", source: devtools://devtools/bundled/devtools-frontend/front_end/ui/visual_logging/visual_logging.js (1)
11월 11, 2024 15:43:35.294 [4356:6804:1111/154335.294:ERROR:device_event_log_impl.cc(201)] [15:43:35.294] Bluetooth: bluetooth_adapter_winrt.cc:1055 Getting Default Adapter failed.
11월 11, 2024 16:05:15.89 [4356:6804:1111/160515.088:ERROR:CONSOLE(1)] "Unknown VE context: language-mismatch    at new He (devtools://devtools/bundled/devtools-frontend/front_end/ui/legacy/legacy.js:1:98356)
11월 11, 2024 16:05:15.89     at devtools://devtools/bundled/devtools-frontend/front_end/ui/legacy/legacy.js:1:191793
11월 11, 2024 16:05:15.89     at new oi (devtools://devtools/bundled/devtools-frontend/front_end/ui/legacy/legacy.js:1:192189)
11월 11, 2024 16:05:15.89     at oi.instance (devtools://devtools/bundled/devtools-frontend/front_end/ui/legacy/legacy.js:1:192311)
11월 11, 2024 16:05:15.89     at O.presentUI (devtools://devtools/bundled/devtools-frontend/front_end/panels/emulation/emulation.js:1:58454)
11월 11, 2024 16:05:15.89     at #I (devtools://devtools/bundled/devtools-frontend/front_end/entrypoints/main/main.js:1:17314)
11월 11, 2024 16:05:15.90     at #x (devtools://devtools/bundled/devtools-frontend/front_end/entrypoints/main/main.js:1:17109)", source: devtools://devtools/bundled/devtools-frontend/front_end/ui/visual_logging/visual_logging.js (1)
11월 11, 2024 16:21:35.597 [4356:6804:1111/162135.597:ERROR:CONSOLE(1)] "Unknown VE context: language-mismatch    at new He (devtools://devtools/bundled/devtools-frontend/front_end/ui/legacy/legacy.js:1:98356)
11월 11, 2024 16:21:35.598     at devtools://devtools/bundled/devtools-frontend/front_end/ui/legacy/legacy.js:1:191793
11월 11, 2024 16:21:35.598     at new oi (devtools://devtools/bundled/devtools-frontend/front_end/ui/legacy/legacy.js:1:192189)
11월 11, 2024 16:21:35.598     at oi.instance (devtools://devtools/bundled/devtools-frontend/front_end/ui/legacy/legacy.js:1:192311)
11월 11, 2024 16:21:35.598     at O.presentUI (devtools://devtools/bundled/devtools-frontend/front_end/panels/emulation/emulation.js:1:58454)
11월 11, 2024 16:21:35.598     at #I (devtools://devtools/bundled/devtools-frontend/front_end/entrypoints/main/main.js:1:17314)
11월 11, 2024 16:21:35.599     at #x (devtools://devtools/bundled/devtools-frontend/front_end/entrypoints/main/main.js:1:17109)", source: devtools://devtools/bundled/devtools-frontend/front_end/ui/visual_logging/visual_logging.js (1)
11월 11, 2024 16:38:33.244 [4356:6804:1111/163833.244:ERROR:interface_endpoint_client.cc(725)] Message 1 rejected by interface blink.mojom.WidgetHost
11월 11, 2024 16:38:33.245 [4356:6804:1111/163833.244:ERROR:interface_endpoint_client.cc(725)] Message 1 rejected by interface blink.mojom.WidgetHost
11월 11, 2024 16:51:17.452 [4356:6804:1111/165117.451:ERROR:CONSOLE(1)] "Unknown VE context: language-mismatch    at new He (devtools://devtools/bundled/devtools-frontend/front_end/ui/legacy/legacy.js:1:98356)
11월 11, 2024 16:51:17.453     at devtools://devtools/bundled/devtools-frontend/front_end/ui/legacy/legacy.js:1:191793
11월 11, 2024 16:51:17.454     at new oi (devtools://devtools/bundled/devtools-frontend/front_end/ui/legacy/legacy.js:1:192189)
11월 11, 2024 16:51:17.454     at oi.instance (devtools://devtools/bundled/devtools-frontend/front_end/ui/legacy/legacy.js:1:192311)
11월 11, 2024 16:51:17.454     at O.presentUI (devtools://devtools/bundled/devtools-frontend/front_end/panels/emulation/emulation.js:1:58454)
11월 11, 2024 16:51:17.454     at #I (devtools://devtools/bundled/devtools-frontend/front_end/entrypoints/main/main.js:1:17314)
11월 11, 2024 16:51:17.456     at #x (devtools://devtools/bundled/devtools-frontend/front_end/entrypoints/main/main.js:1:17109)", source: devtools://devtools/bundled/devtools-frontend/front_end/ui/visual_logging/visual_logging.js (1)
11월 11, 2024 16:51:21.632 [4356:6804:1111/165121.632:ERROR:CONSOLE(1)] "Unknown VE context: -ms-flex-align    at a (devtools://devtools/bundled/devtools-frontend/front_end/ui/visual_logging/visual_logging.js:1:64099)
11월 11, 2024 16:51:21.632     at e.Me (devtools://devtools/bundled/devtools-frontend/front_end/ui/visual_logging/visual_logging.js:1:81107)
11월 11, 2024 16:51:21.632     at devtools://devtools/bundled/devtools-frontend/front_end/ui/components/render_coordinator/render_coordinator.js:1:150", source: devtools://devtools/bundled/devtools-frontend/front_end/ui/visual_logging/visual_logging.js (1)
11월 11, 2024 16:53:10.992 [4356:6804:1111/165310.991:ERROR:CONSOLE(1)] "Unknown VE context: language-mismatch    at new He (devtools://devtools/bundled/devtools-frontend/front_end/ui/legacy/legacy.js:1:98356)
11월 11, 2024 16:53:10.992     at devtools://devtools/bundled/devtools-frontend/front_end/ui/legacy/legacy.js:1:191793
11월 11, 2024 16:53:10.993     at new oi (devtools://devtools/bundled/devtools-frontend/front_end/ui/legacy/legacy.js:1:192189)
11월 11, 2024 16:53:10.993     at oi.instance (devtools://devtools/bundled/devtools-frontend/front_end/ui/legacy/legacy.js:1:192311)
11월 11, 2024 16:53:10.993     at O.presentUI (devtools://devtools/bundled/devtools-frontend/front_end/panels/emulation/emulation.js:1:58454)
11월 11, 2024 16:53:10.993     at #I (devtools://devtools/bundled/devtools-frontend/front_end/entrypoints/main/main.js:1:17314)
11월 11, 2024 16:53:10.994     at #x (devtools://devtools/bundled/devtools-frontend/front_end/entrypoints/main/main.js:1:17109)", source: devtools://devtools/bundled/devtools-frontend/front_end/ui/visual_logging/visual_logging.js (1)
11월 11, 2024 18:04:25.590 [4356:6804:1111/180425.590:ERROR:CONSOLE(1)] "Unknown VE context: language-mismatch    at new He (devtools://devtools/bundled/devtools-frontend/front_end/ui/legacy/legacy.js:1:98356)
11월 11, 2024 18:04:25.590     at devtools://devtools/bundled/devtools-frontend/front_end/ui/legacy/legacy.js:1:191793
11월 11, 2024 18:04:25.591     at new oi (devtools://devtools/bundled/devtools-frontend/front_end/ui/legacy/legacy.js:1:192189)
11월 11, 2024 18:04:25.591     at oi.instance (devtools://devtools/bundled/devtools-frontend/front_end/ui/legacy/legacy.js:1:192311)
11월 11, 2024 18:04:25.591     at O.presentUI (devtools://devtools/bundled/devtools-frontend/front_end/panels/emulation/emulation.js:1:58454)
11월 11, 2024 18:04:25.591     at #I (devtools://devtools/bundled/devtools-frontend/front_end/entrypoints/main/main.js:1:17314)
11월 11, 2024 18:04:25.591     at #x (devtools://devtools/bundled/devtools-frontend/front_end/entrypoints/main/main.js:1:17109)", source: devtools://devtools/bundled/devtools-frontend/front_end/ui/visual_logging/visual_logging.js (1)
11월 11, 2024 18:04:28.331 [4356:6804:1111/180428.331:ERROR:CONSOLE(1)] "Unknown VE context: language-mismatch    at new He (devtools://devtools/bundled/devtools-frontend/front_end/ui/legacy/legacy.js:1:98356)
11월 11, 2024 18:04:28.332     at devtools://devtools/bundled/devtools-frontend/front_end/ui/legacy/legacy.js:1:191793
11월 11, 2024 18:04:28.332     at new oi (devtools://devtools/bundled/devtools-frontend/front_end/ui/legacy/legacy.js:1:192189)
11월 11, 2024 18:04:28.332     at oi.instance (devtools://devtools/bundled/devtools-frontend/front_end/ui/legacy/legacy.js:1:192311)
11월 11, 2024 18:04:28.333     at O.presentUI (devtools://devtools/bundled/devtools-frontend/front_end/panels/emulation/emulation.js:1:58454)
11월 11, 2024 18:04:28.333     at #I (devtools://devtools/bundled/devtools-frontend/front_end/entrypoints/main/main.js:1:17314)
11월 11, 2024 18:04:28.333     at #x (devtools://devtools/bundled/devtools-frontend/front_end/entrypoints/main/main.js:1:17109)", source: devtools://devtools/bundled/devtools-frontend/front_end/ui/visual_logging/visual_logging.js (1)
11월 11, 2024 18:04:31.734 [4356:6804:1111/180431.734:ERROR:CONSOLE(1)] "Unknown VE context: -ms-flex-align    at a (devtools://devtools/bundled/devtools-frontend/front_end/ui/visual_logging/visual_logging.js:1:64099)
11월 11, 2024 18:04:31.735     at e.Me (devtools://devtools/bundled/devtools-frontend/front_end/ui/visual_logging/visual_logging.js:1:81107)
11월 11, 2024 18:04:31.735     at devtools://devtools/bundled/devtools-frontend/front_end/ui/components/render_coordinator/render_coordinator.js:1:150", source: devtools://devtools/bundled/devtools-frontend/front_end/ui/visual_logging/visual_logging.js (1)
11월 11, 2024 18:04:38.52 [4356:6804:1111/180438.052:ERROR:CONSOLE(1)] "Unknown VE context: -ms-flex-pack    at a (devtools://devtools/bundled/devtools-frontend/front_end/ui/visual_logging/visual_logging.js:1:64099)
11월 11, 2024 18:04:38.53     at e.Me (devtools://devtools/bundled/devtools-frontend/front_end/ui/visual_logging/visual_logging.js:1:81107)
11월 11, 2024 18:04:38.53     at devtools://devtools/bundled/devtools-frontend/front_end/ui/components/render_coordinator/render_coordinator.js:1:150", source: devtools://devtools/bundled/devtools-frontend/front_end/ui/visual_logging/visual_logging.js (1)
11월 11, 2024 18:04:46.260 [4356:6804:1111/180446.260:ERROR:CONSOLE(1)] "Unknown VE context: -webkit-text-decoration    at a (devtools://devtools/bundled/devtools-frontend/front_end/ui/visual_logging/visual_logging.js:1:64099)
11월 11, 2024 18:04:46.261     at e.Me (devtools://devtools/bundled/devtools-frontend/front_end/ui/visual_logging/visual_logging.js:1:81107)
11월 11, 2024 18:04:46.261     at devtools://devtools/bundled/devtools-frontend/front_end/ui/components/render_coordinator/render_coordinator.js:1:150", source: devtools://devtools/bundled/devtools-frontend/front_end/ui/visual_logging/visual_logging.js (1)
11월 11, 2024 18:05:00.60 [4356:6804:1111/180500.059:ERROR:CONSOLE(1)] "Unknown VE context: -moz-appearance    at a (devtools://devtools/bundled/devtools-frontend/front_end/ui/visual_logging/visual_logging.js:1:64099)
11월 11, 2024 18:05:00.60     at e.Me (devtools://devtools/bundled/devtools-frontend/front_end/ui/visual_logging/visual_logging.js:1:81107)
11월 11, 2024 18:05:00.60     at devtools://devtools/bundled/devtools-frontend/front_end/ui/components/render_coordinator/render_coordinator.js:1:150", source: devtools://devtools/bundled/devtools-frontend/front_end/ui/visual_logging/visual_logging.js (1)
11월 11, 2024 18:05:00.60 [4356:6804:1111/180500.059:ERROR:CONSOLE(1)] "Unknown VE context: -ms-appearance    at a (devtools://devtools/bundled/devtools-frontend/front_end/ui/visual_logging/visual_logging.js:1:64099)
11월 11, 2024 18:05:00.60     at e.Me (devtools://devtools/bundled/devtools-frontend/front_end/ui/visual_logging/visual_logging.js:1:81107)
11월 11, 2024 18:05:00.61     at devtools://devtools/bundled/devtools-frontend/front_end/ui/components/render_coordinator/render_coordinator.js:1:150", source: devtools://devtools/bundled/devtools-frontend/front_end/ui/visual_logging/visual_logging.js (1)
11월 11, 2024 18:05:00.61 [4356:6804:1111/180500.059:ERROR:CONSOLE(1)] "Unknown VE context: -webkit-background-position    at a (devtools://devtools/bundled/devtools-frontend/front_end/ui/visual_logging/visual_logging.js:1:64099)
11월 11, 2024 18:05:00.61     at e.Me (devtools://devtools/bundled/devtools-frontend/front_end/ui/visual_logging/visual_logging.js:1:81107)
11월 11, 2024 18:05:00.61     at devtools://devtools/bundled/devtools-frontend/front_end/ui/components/render_coordinator/render_coordinator.js:1:150", source: devtools://devtools/bundled/devtools-frontend/front_end/ui/visual_logging/visual_logging.js (1)
11월 11, 2024 18:05:01.189 [4356:6804:1111/180501.189:ERROR:CONSOLE(1)] "Unknown VE context: -moz-user-select    at a (devtools://devtools/bundled/devtools-frontend/front_end/ui/visual_logging/visual_logging.js:1:64099)
11월 11, 2024 18:05:01.190     at e.Me (devtools://devtools/bundled/devtools-frontend/front_end/ui/visual_logging/visual_logging.js:1:81107)
11월 11, 2024 18:05:01.190     at devtools://devtools/bundled/devtools-frontend/front_end/ui/components/render_coordinator/render_coordinator.js:1:150", source: devtools://devtools/bundled/devtools-frontend/front_end/ui/visual_logging/visual_logging.js (1)
11월 11, 2024 18:05:01.190 [4356:6804:1111/180501.189:ERROR:CONSOLE(1)] "Unknown VE context: -ms-user-select    at a (devtools://devtools/bundled/devtools-frontend/front_end/ui/visual_logging/visual_logging.js:1:64099)
11월 11, 2024 18:05:01.190     at e.Me (devtools://devtools/bundled/devtools-frontend/front_end/ui/visual_logging/visual_logging.js:1:81107)
11월 11, 2024 18:05:01.191     at devtools://devtools/bundled/devtools-frontend/front_end/ui/components/render_coordinator/render_coordinator.js:1:150", source: devtools://devtools/bundled/devtools-frontend/front_end/ui/visual_logging/visual_logging.js (1)
11월 11, 2024 18:15:04.392 [4356:6804:1111/181504.392:ERROR:CONSOLE(1)] "Unknown VE context: language-mismatch    at new He (devtools://devtools/bundled/devtools-frontend/front_end/ui/legacy/legacy.js:1:98356)
11월 11, 2024 18:15:04.393     at devtools://devtools/bundled/devtools-frontend/front_end/ui/legacy/legacy.js:1:191793
11월 11, 2024 18:15:04.393     at new oi (devtools://devtools/bundled/devtools-frontend/front_end/ui/legacy/legacy.js:1:192189)
11월 11, 2024 18:15:04.393     at oi.instance (devtools://devtools/bundled/devtools-frontend/front_end/ui/legacy/legacy.js:1:192311)
11월 11, 2024 18:15:04.393     at O.presentUI (devtools://devtools/bundled/devtools-frontend/front_end/panels/emulation/emulation.js:1:58454)
11월 11, 2024 18:15:04.393     at #I (devtools://devtools/bundled/devtools-frontend/front_end/entrypoints/main/main.js:1:17314)
11월 11, 2024 18:15:04.393     at #x (devtools://devtools/bundled/devtools-frontend/front_end/entrypoints/main/main.js:1:17109)", source: devtools://devtools/bundled/devtools-frontend/front_end/ui/visual_logging/visual_logging.js (1)
11월 11, 2024 18:16:37.552 [4356:6804:1111/181637.552:ERROR:CONSOLE(1)] "Unknown VE context: -moz-appearance    at a (devtools://devtools/bundled/devtools-frontend/front_end/ui/visual_logging/visual_logging.js:1:64099)
11월 11, 2024 18:16:37.553     at e.Me (devtools://devtools/bundled/devtools-frontend/front_end/ui/visual_logging/visual_logging.js:1:81107)
11월 11, 2024 18:16:37.553     at devtools://devtools/bundled/devtools-frontend/front_end/ui/components/render_coordinator/render_coordinator.js:1:150", source: devtools://devtools/bundled/devtools-frontend/front_end/ui/visual_logging/visual_logging.js (1)
11월 11, 2024 18:16:37.553 [4356:6804:1111/181637.552:ERROR:CONSOLE(1)] "Unknown VE context: -ms-appearance    at a (devtools://devtools/bundled/devtools-frontend/front_end/ui/visual_logging/visual_logging.js:1:64099)
11월 11, 2024 18:16:37.553     at e.Me (devtools://devtools/bundled/devtools-frontend/front_end/ui/visual_logging/visual_logging.js:1:81107)
11월 11, 2024 18:16:37.554     at devtools://devtools/bundled/devtools-frontend/front_end/ui/components/render_coordinator/render_coordinator.js:1:150", source: devtools://devtools/bundled/devtools-frontend/front_end/ui/visual_logging/visual_logging.js (1)
11월 11, 2024 18:16:37.554 [4356:6804:1111/181637.553:ERROR:CONSOLE(1)] "Unknown VE context: -webkit-background-position    at a (devtools://devtools/bundled/devtools-frontend/front_end/ui/visual_logging/visual_logging.js:1:64099)
11월 11, 2024 18:16:37.554     at e.Me (devtools://devtools/bundled/devtools-frontend/front_end/ui/visual_logging/visual_logging.js:1:81107)
11월 11, 2024 18:16:37.554     at devtools://devtools/bundled/devtools-frontend/front_end/ui/components/render_coordinator/render_coordinator.js:1:150", source: devtools://devtools/bundled/devtools-frontend/front_end/ui/visual_logging/visual_logging.js (1)
11월 11, 2024 18:17:31.551 [4356:6804:1111/181731.551:ERROR:CONSOLE(1)] "Unknown VE context: language-mismatch    at new He (devtools://devtools/bundled/devtools-frontend/front_end/ui/legacy/legacy.js:1:98356)
11월 11, 2024 18:17:31.552     at devtools://devtools/bundled/devtools-frontend/front_end/ui/legacy/legacy.js:1:191793
11월 11, 2024 18:17:31.552     at new oi (devtools://devtools/bundled/devtools-frontend/front_end/ui/legacy/legacy.js:1:192189)
11월 11, 2024 18:17:31.552     at oi.instance (devtools://devtools/bundled/devtools-frontend/front_end/ui/legacy/legacy.js:1:192311)
11월 11, 2024 18:17:31.552     at O.presentUI (devtools://devtools/bundled/devtools-frontend/front_end/panels/emulation/emulation.js:1:58454)
11월 11, 2024 18:17:31.552     at #I (devtools://devtools/bundled/devtools-frontend/front_end/entrypoints/main/main.js:1:17314)
11월 11, 2024 18:17:31.552     at #x (devtools://devtools/bundled/devtools-frontend/front_end/entrypoints/main/main.js:1:17109)", source: devtools://devtools/bundled/devtools-frontend/front_end/ui/visual_logging/visual_logging.js (1)
11월 11, 2024 18:17:34.609 [4356:6804:1111/181734.609:ERROR:CONSOLE(1)] "Unknown VE context: -moz-appearance    at a (devtools://devtools/bundled/devtools-frontend/front_end/ui/visual_logging/visual_logging.js:1:64099)
11월 11, 2024 18:17:34.610     at e.Me (devtools://devtools/bundled/devtools-frontend/front_end/ui/visual_logging/visual_logging.js:1:81107)
11월 11, 2024 18:17:34.610     at devtools://devtools/bundled/devtools-frontend/front_end/ui/components/render_coordinator/render_coordinator.js:1:150", source: devtools://devtools/bundled/devtools-frontend/front_end/ui/visual_logging/visual_logging.js (1)
11월 11, 2024 18:17:34.611 [4356:6804:1111/181734.611:ERROR:CONSOLE(1)] "Unknown VE context: -ms-appearance    at a (devtools://devtools/bundled/devtools-frontend/front_end/ui/visual_logging/visual_logging.js:1:64099)
11월 11, 2024 18:17:34.611     at e.Me (devtools://devtools/bundled/devtools-frontend/front_end/ui/visual_logging/visual_logging.js:1:81107)
11월 11, 2024 18:17:34.611     at devtools://devtools/bundled/devtools-frontend/front_end/ui/components/render_coordinator/render_coordinator.js:1:150", source: devtools://devtools/bundled/devtools-frontend/front_end/ui/visual_logging/visual_logging.js (1)
11월 11, 2024 18:17:34.611 [4356:6804:1111/181734.611:ERROR:CONSOLE(1)] "Unknown VE context: -webkit-background-position    at a (devtools://devtools/bundled/devtools-frontend/front_end/ui/visual_logging/visual_logging.js:1:64099)
11월 11, 2024 18:17:34.611     at e.Me (devtools://devtools/bundled/devtools-frontend/front_end/ui/visual_logging/visual_logging.js:1:81107)
11월 11, 2024 18:17:34.612     at devtools://devtools/bundled/devtools-frontend/front_end/ui/components/render_coordinator/render_coordinator.js:1:150", source: devtools://devtools/bundled/devtools-frontend/front_end/ui/visual_logging/visual_logging.js (1)
11월 11, 2024 18:17:34.613 [4356:6804:1111/181734.613:ERROR:CONSOLE(1)] "Unknown VE context: -ms-flex-align    at a (devtools://devtools/bundled/devtools-frontend/front_end/ui/visual_logging/visual_logging.js:1:64099)
11월 11, 2024 18:17:34.613     at e.Me (devtools://devtools/bundled/devtools-frontend/front_end/ui/visual_logging/visual_logging.js:1:81107)
11월 11, 2024 18:17:34.613     at devtools://devtools/bundled/devtools-frontend/front_end/ui/components/render_coordinator/render_coordinator.js:1:150", source: devtools://devtools/bundled/devtools-frontend/front_end/ui/visual_logging/visual_logging.js (1)
11월 11, 2024 18:26:31.822 [4356:6804:1111/182631.822:ERROR:interface_endpoint_client.cc(725)] Message 1 rejected by interface blink.mojom.WidgetHost
